Determining if the pthread_create exist failed with the following output:
Change Dir: /home/yuntian/catkin_ws/src/mynteye_ros/build/CMakeFiles/CMakeTmp

Run Build Command:"/usr/bin/ninja" "cmTC_a3dc6"
[1/2] Building C object CMakeFiles/cmTC_a3dc6.dir/CheckSymbolExists.c.o
[2/2] Linking C executable cmTC_a3dc6
FAILED: cmTC_a3dc6 
: && /usr/bin/gcc-7   -rdynamic CMakeFiles/cmTC_a3dc6.dir/CheckSymbolExists.c.o  -o cmTC_a3dc6   && :
CMakeFiles/cmTC_a3dc6.dir/CheckSymbolExists.c.o：在函数‘main’中：
CheckSymbolExists.c:(.text+0x1b)：对‘pthread_create’未定义的引用
collect2: error: ld returned 1 exit status
ninja: build stopped: subcommand failed.

File /home/yuntian/catkin_ws/src/mynteye_ros/build/CMakeFiles/CMakeTmp/CheckSymbolExists.c:
/* */
#include <pthread.h>

int main(int argc, char** argv)
{
  (void)argv;
#ifndef pthread_create
  return ((int*)(&pthread_create))[argc];
#else
  (void)argc;
  return 0;
#endif
}

Determining if the function pthread_create exists in the pthreads failed with the following output:
Change Dir: /home/yuntian/catkin_ws/src/mynteye_ros/build/CMakeFiles/CMakeTmp

Run Build Command:"/usr/bin/ninja" "cmTC_ee158"
[1/2] Building C object CMakeFiles/cmTC_ee158.dir/CheckFunctionExists.c.o
[2/2] Linking C executable cmTC_ee158
FAILED: cmTC_ee158 
: && /usr/bin/gcc-7 -DCHECK_FUNCTION_EXISTS=pthread_create  -rdynamic CMakeFiles/cmTC_ee158.dir/CheckFunctionExists.c.o  -o cmTC_ee158  -lpthreads && :
/usr/bin/ld: 找不到 -lpthreads
collect2: error: ld returned 1 exit status
ninja: build stopped: subcommand failed.


